Arguments: 
  /usr/local/bin/node /usr/local/Cellar/yarn/1.22.10/libexec/bin/yarn.js add apidock-mock

PATH: 
  /usr/local/bin:/usr/bin:/bin:/usr/sbin:/sbin:/Library/Apple/usr/bin:/Library/Frameworks/Mono.framework/Versions/Current/Commands:/Users/enkicorbin/Library/Android/sdk/emulator:/Users/enkicorbin/Library/Android/sdk/tools:/Users/enkicorbin/Library/Android/sdk/tools/bin:/Users/enkicorbin/Library/Android/sdk/platform-tools

Yarn version: 
  1.22.10

Node version: 
  12.16.3

Platform: 
  darwin x64

Trace: 
  Error: https://registry.yarnpkg.com/apidock-mock: Not found
      at Request.params.callback [as _callback] (/usr/local/Cellar/yarn/1.22.10/libexec/lib/cli.js:66988:18)
      at Request.self.callback (/usr/local/Cellar/yarn/1.22.10/libexec/lib/cli.js:140749:22)
      at Request.emit (events.js:310:20)
      at Request.<anonymous> (/usr/local/Cellar/yarn/1.22.10/libexec/lib/cli.js:141721:10)
      at Request.emit (events.js:310:20)
      at IncomingMessage.<anonymous> (/usr/local/Cellar/yarn/1.22.10/libexec/lib/cli.js:141643:12)
      at Object.onceWrapper (events.js:416:28)
      at IncomingMessage.emit (events.js:322:22)
      at endReadableNT (_stream_readable.js:1187:12)
      at processTicksAndRejections (internal/process/task_queues.js:84:21)

npm manifest: 
  {
      "name": "easemedic-apidoc",
      "version": "0.0.1",
      "description": "api doc and moc.",
      "scripts": {},
      "devDependencies": {
          "apidoc-mock": "^3.0.4"
      }
  }

yarn manifest: 
  No manifest

Lockfile: 
  No lockfile
